2017-10-22T09:57:32.649+0800 I CONTROL  [initandlisten] MongoDB starting : pid=3832 port=27017 dbpath=D:\www\data\db 64-bit host=DESKTOP-8VVDDK3
2017-10-22T09:57:32.649+0800 I CONTROL  [initandlisten] targetMinOS: Windows 7/Windows Server 2008 R2
2017-10-22T09:57:32.649+0800 I CONTROL  [initandlisten] db version v3.4.9
2017-10-22T09:57:32.649+0800 I CONTROL  [initandlisten] git version: 876ebee8c7dd0e2d992f36a848ff4dc50ee6603e
2017-10-22T09:57:32.650+0800 I CONTROL  [initandlisten] OpenSSL version: OpenSSL 1.0.1u-fips  22 Sep 2016
2017-10-22T09:57:32.650+0800 I CONTROL  [initandlisten] allocator: tcmalloc
2017-10-22T09:57:32.650+0800 I CONTROL  [initandlisten] modules: none
2017-10-22T09:57:32.650+0800 I CONTROL  [initandlisten] build environment:
2017-10-22T09:57:32.650+0800 I CONTROL  [initandlisten]     distmod: 2008plus-ssl
2017-10-22T09:57:32.650+0800 I CONTROL  [initandlisten]     distarch: x86_64
2017-10-22T09:57:32.650+0800 I CONTROL  [initandlisten]     target_arch: x86_64
2017-10-22T09:57:32.650+0800 I CONTROL  [initandlisten] options: { storage: { dbPath: "D:\www\data\db" }, systemLog: { destination: "file", path: "D:\www\data\log\mongodb.log" } }
2017-10-22T09:57:32.651+0800 I STORAGE  [initandlisten] wiredtiger_open config: create,cache_size=3538M,session_max=20000,eviction=(threads_min=4,threads_max=4),config_base=false,statistics=(fast),log=(enabled=true,archive=true,path=journal,compressor=snappy),file_manager=(close_idle_time=100000),checkpoint=(wait=60,log_size=2GB),statistics_log=(wait=0),
2017-10-22T09:57:32.743+0800 I CONTROL  [initandlisten] 
2017-10-22T09:57:32.743+0800 I CONTROL  [initandlisten] ** WARNING: Access control is not enabled for the database.
2017-10-22T09:57:32.743+0800 I CONTROL  [initandlisten] **          Read and write access to data and configuration is unrestricted.
2017-10-22T09:57:32.743+0800 I CONTROL  [initandlisten] 
2017-10-22T09:57:33.062+0800 I FTDC     [initandlisten] Initializing full-time diagnostic data capture with directory 'D:/www/data/db/diagnostic.data'
2017-10-22T09:57:33.086+0800 I INDEX    [initandlisten] build index on: admin.system.version properties: { v: 2, key: { version: 1 }, name: "incompatible_with_version_32", ns: "admin.system.version" }
2017-10-22T09:57:33.086+0800 I INDEX    [initandlisten] 	 building index using bulk method; build may temporarily use up to 500 megabytes of RAM
2017-10-22T09:57:33.090+0800 I INDEX    [initandlisten] build index done.  scanned 0 total records. 0 secs
2017-10-22T09:57:33.091+0800 I COMMAND  [initandlisten] setting featureCompatibilityVersion to 3.4
2017-10-22T09:57:33.091+0800 I NETWORK  [thread1] waiting for connections on port 27017
2017-10-22T09:57:45.668+0800 I CONTROL  [thread2] Ctrl-C signal
2017-10-22T09:57:45.668+0800 I CONTROL  [consoleTerminate] got CTRL_C_EVENT, will terminate after current cmd ends
2017-10-22T09:57:45.668+0800 I NETWORK  [consoleTerminate] shutdown: going to close listening sockets...
2017-10-22T09:57:45.668+0800 I NETWORK  [consoleTerminate] closing listening socket: 524
2017-10-22T09:57:45.668+0800 I NETWORK  [consoleTerminate] shutdown: going to flush diaglog...
2017-10-22T09:57:45.668+0800 I FTDC     [consoleTerminate] Shutting down full-time diagnostic data capture
2017-10-22T09:57:45.670+0800 I STORAGE  [consoleTerminate] WiredTigerKVEngine shutting down
2017-10-22T09:57:46.032+0800 I STORAGE  [consoleTerminate] shutdown: removing fs lock...
2017-10-22T09:57:46.032+0800 I CONTROL  [consoleTerminate] now exiting
2017-10-22T09:57:46.032+0800 I CONTROL  [consoleTerminate] shutting down with code:12
2017-10-22T09:57:46.032+08002017-10-22T10:02:03.172+0800 I CONTROL  [main] ***** SERVER RESTARTED *****
2017-10-22T10:02:03.696+0800 I CONTROL  [initandlisten] MongoDB starting : pid=9120 port=27017 dbpath=D:\www\data\db 64-bit host=DESKTOP-8VVDDK3
2017-10-22T10:02:03.696+0800 I CONTROL  [initandlisten] targetMinOS: Windows 7/Windows Server 2008 R2
2017-10-22T10:02:03.696+0800 I CONTROL  [initandlisten] db version v3.4.9
2017-10-22T10:02:03.696+0800 I CONTROL  [initandlisten] git version: 876ebee8c7dd0e2d992f36a848ff4dc50ee6603e
2017-10-22T10:02:03.696+0800 I CONTROL  [initandlisten] OpenSSL version: OpenSSL 1.0.1u-fips  22 Sep 2016
2017-10-22T10:02:03.696+0800 I CONTROL  [initandlisten] allocator: tcmalloc
2017-10-22T10:02:03.696+0800 I CONTROL  [initandlisten] modules: none
2017-10-22T10:02:03.696+0800 I CONTROL  [initandlisten] build environment:
2017-10-22T10:02:03.696+0800 I CONTROL  [initandlisten]     distmod: 2008plus-ssl
2017-10-22T10:02:03.696+0800 I CONTROL  [initandlisten]     distarch: x86_64
2017-10-22T10:02:03.696+0800 I CONTROL  [initandlisten]     target_arch: x86_64
2017-10-22T10:02:03.696+0800 I CONTROL  [initandlisten] options: { storage: { dbPath: "D:\www\data\db" }, systemLog: { destination: "file", logAppend: true, path: "D:\www\data\log\mongodb.log" } }
2017-10-22T10:02:03.697+0800 I -        [initandlisten] Detected data files in D:\www\data\db created by the 'wiredTiger' storage engine, so setting the active storage engine to 'wiredTiger'.
2017-10-22T10:02:03.697+0800 I STORAGE  [initandlisten] wiredtiger_open config: create,cache_size=3538M,session_max=20000,eviction=(threads_min=4,threads_max=4),config_base=false,statistics=(fast),log=(enabled=true,archive=true,path=journal,compressor=snappy),file_manager=(close_idle_time=100000),checkpoint=(wait=60,log_size=2GB),statistics_log=(wait=0),
2017-10-22T10:02:04.211+0800 I CONTROL  [initandlisten] 
2017-10-22T10:02:04.211+0800 I CONTROL  [initandlisten] ** WARNING: Access control is not enabled for the database.
2017-10-22T10:02:04.211+0800 I CONTROL  [initandlisten] **          Read and write access to data and configuration is unrestricted.
2017-10-22T10:02:04.211+0800 I CONTROL  [initandlisten] 
2017-10-22T10:02:04.472+0800 I FTDC     [initandlisten] Initializing full-time diagnostic data capture with directory 'D:/www/data/db/diagnostic.data'
2017-10-22T10:02:04.473+0800 I NETWORK  [thread1] waiting for connections on port 27017
2017-10-22T10:02:10.876+0800 I CONTROL  [thread2] Ctrl-C signal
2017-10-22T10:02:10.876+0800 I CONTROL  [consoleTerminate] got CTRL_C_EVENT, will terminate after current cmd ends
2017-10-22T10:02:10.876+0800 I NETWORK  [consoleTerminate] shutdown: going to close listening sockets...
2017-10-22T10:02:10.876+0800 I NETWORK  [consoleTerminate] closing listening socket: 524
2017-10-22T10:02:10.876+0800 I NETWORK  [consoleTerminate] shutdown: going to flush diaglog...
2017-10-22T10:02:10.876+0800 I FTDC     [consoleTerminate] Shutting down full-time diagnostic data capture
2017-10-22T10:02:10.877+0800 I STORAGE  [consoleTerminate] WiredTigerKVEngine shutting down
2017-10-22T10:02:11.275+0800 I STORAGE  [consoleTerminate] shutdown: removing fs lock...
2017-10-22T10:02:11.275+0800 I CONTROL  [consoleTerminate] now exiting
2017-10-22T10:02:11.276+0800 I CONTROL  [consoleTerminate] shutting down with code:12
2017-10-22T10:04:19.424+0800 I CONTROL  [main] ***** SERVER RESTARTED *****
2017-10-22T10:04:19.891+0800 I CONTROL  [initandlisten] MongoDB starting : pid=9540 port=27017 dbpath=D:\www\data\db 64-bit host=DESKTOP-8VVDDK3
2017-10-22T10:04:19.891+0800 I CONTROL  [initandlisten] targetMinOS: Windows 7/Windows Server 2008 R2
2017-10-22T10:04:19.891+0800 I CONTROL  [initandlisten] db version v3.4.9
2017-10-22T10:04:19.891+0800 I CONTROL  [initandlisten] git version: 876ebee8c7dd0e2d992f36a848ff4dc50ee6603e
2017-10-22T10:04:19.891+0800 I CONTROL  [initandlisten] OpenSSL version: OpenSSL 1.0.1u-fips  22 Sep 2016
2017-10-22T10:04:19.891+0800 I CONTROL  [initandlisten] allocator: tcmalloc
2017-10-22T10:04:19.891+0800 I CONTROL  [initandlisten] modules: none
2017-10-22T10:04:19.891+0800 I CONTROL  [initandlisten] build environment:
2017-10-22T10:04:19.891+0800 I CONTROL  [initandlisten]     distmod: 2008plus-ssl
2017-10-22T10:04:19.891+0800 I CONTROL  [initandlisten]     distarch: x86_64
2017-10-22T10:04:19.891+0800 I CONTROL  [initandlisten]     target_arch: x86_64
2017-10-22T10:04:19.891+0800 I CONTROL  [initandlisten] options: { storage: { dbPath: "D:\www\data\db" }, systemLog: { destination: "file", logAppend: true, path: "D:\www\data\log\mongodb.log" } }
2017-10-22T10:04:19.892+0800 I -        [initandlisten] Detected data files in D:\www\data\db created by the 'wiredTiger' storage engine, so setting the active storage engine to 'wiredTiger'.
2017-10-22T10:04:19.892+0800 I STORAGE  [initandlisten] wiredtiger_open config: create,cache_size=3538M,session_max=20000,eviction=(threads_min=4,threads_max=4),config_base=false,statistics=(fast),log=(enabled=true,archive=true,path=journal,compressor=snappy),file_manager=(close_idle_time=100000),checkpoint=(wait=60,log_size=2GB),statistics_log=(wait=0),
2017-10-22T10:04:20.178+0800 I CONTROL  [initandlisten] 
2017-10-22T10:04:20.178+0800 I CONTROL  [initandlisten] ** WARNING: Access control is not enabled for the database.
2017-10-22T10:04:20.178+0800 I CONTROL  [initandlisten] **          Read and write access to data and configuration is unrestricted.
2017-10-22T10:04:20.178+0800 I CONTROL  [initandlisten] 
2017-10-22T10:04:20.440+0800 I FTDC     [initandlisten] Initializing full-time diagnostic data capture with directory 'D:/www/data/db/diagnostic.data'
2017-10-22T10:04:20.441+0800 I NETWORK  [thread1] waiting for connections on port 27017
2017-10-22T10:04:29.457+0800 I NETWORK  [thread1] connection accepted from 127.0.0.1:59822 #1 (1 connection now open)
2017-10-22T10:04:29.457+0800 I NETWORK  [conn1] received client metadata from 127.0.0.1:59822 conn1: { application: { name: "MongoDB Shell" }, driver: { name: "MongoDB Internal Client", version: "3.4.9" }, os: { type: "Windows", name: "Microsoft Windows 8", architecture: "x86_64", version: "6.2 (build 9200)" } }
2017-10-22T10:04:31.063+0800 I -        [conn1] end connection 127.0.0.1:59822 (1 connection now open)
2017-10-22T10:45:07.603+0800 I CONTROL  [thread2] CTRL_CLOSE_EVENT signal
2017-10-22T10:45:07.603+0800 I CONTROL  [consoleTerminate] got CTRL_CLOSE_EVENT, will terminate after current cmd ends
2017-10-22T10:45:07.603+0800 I NETWORK  [consoleTerminate] shutdown: going to close listening sockets...
2017-10-22T10:45:07.603+0800 I NETWORK  [consoleTerminate] closing listening socket: 528
2017-10-22T10:45:07.603+0800 I NETWORK  [consoleTerminate] shutdown: going to flush diaglog...
2017-10-22T10:45:07.603+0800 I FTDC     [consoleTerminate] Shutting down full-time diagnostic data capture
2017-10-22T10:45:07.606+0800 I STORAGE  [consoleTerminate] WiredTigerKVEngine shutting down
2017-10-22T10:45:08.044+0800 I STORAGE  [consoleTerminate] shutdown: removing fs lock...
2017-10-22T10:45:08.045+0800 I CONTROL  [consoleTerminate] now exiting
2017-10-22T10:45:08.045+0800 I CONTROL  [consoleTerminate] shutting down with code:12
2017-10-22T10:45:08.045+08002017-10-22T11:31:05.568+0800 I CONTROL  [main] ***** SERVER RESTARTED *****
2017-10-22T11:31:06.027+0800 I CONTROL  [initandlisten] MongoDB starting : pid=12004 port=27017 dbpath=D:\www\data\db 64-bit host=DESKTOP-8VVDDK3
2017-10-22T11:31:06.027+0800 I CONTROL  [initandlisten] targetMinOS: Windows 7/Windows Server 2008 R2
2017-10-22T11:31:06.027+0800 I CONTROL  [initandlisten] db version v3.4.9
2017-10-22T11:31:06.027+0800 I CONTROL  [initandlisten] git version: 876ebee8c7dd0e2d992f36a848ff4dc50ee6603e
2017-10-22T11:31:06.027+0800 I CONTROL  [initandlisten] OpenSSL version: OpenSSL 1.0.1u-fips  22 Sep 2016
2017-10-22T11:31:06.027+0800 I CONTROL  [initandlisten] allocator: tcmalloc
2017-10-22T11:31:06.027+0800 I CONTROL  [initandlisten] modules: none
2017-10-22T11:31:06.027+0800 I CONTROL  [initandlisten] build environment:
2017-10-22T11:31:06.027+0800 I CONTROL  [initandlisten]     distmod: 2008plus-ssl
2017-10-22T11:31:06.027+0800 I CONTROL  [initandlisten]     distarch: x86_64
2017-10-22T11:31:06.027+0800 I CONTROL  [initandlisten]     target_arch: x86_64
2017-10-22T11:31:06.027+0800 I CONTROL  [initandlisten] options: { storage: { dbPath: "D:\www\data\db" }, systemLog: { destination: "file", logAppend: true, path: "D:\www\data\log\mongodb.log" } }
2017-10-22T11:31:06.028+0800 I -        [initandlisten] Detected data files in D:\www\data\db created by the 'wiredTiger' storage engine, so setting the active storage engine to 'wiredTiger'.
2017-10-22T11:31:06.029+0800 I STORAGE  [initandlisten] wiredtiger_open config: create,cache_size=3538M,session_max=20000,eviction=(threads_min=4,threads_max=4),config_base=false,statistics=(fast),log=(enabled=true,archive=true,path=journal,compressor=snappy),file_manager=(close_idle_time=100000),checkpoint=(wait=60,log_size=2GB),statistics_log=(wait=0),
2017-10-22T11:31:06.336+0800 I CONTROL  [initandlisten] 
2017-10-22T11:31:06.336+0800 I CONTROL  [initandlisten] ** WARNING: Access control is not enabled for the database.
2017-10-22T11:31:06.337+0800 I CONTROL  [initandlisten] **          Read and write access to data and configuration is unrestricted.
2017-10-22T11:31:06.337+0800 I CONTROL  [initandlisten] 
2017-10-22T11:31:06.601+0800 I FTDC     [initandlisten] Initializing full-time diagnostic data capture with directory 'D:/www/data/db/diagnostic.data'
2017-10-22T11:31:06.603+0800 I NETWORK  [thread1] waiting for connections on port 27017
2017-10-22T11:31:09.566+0800 I NETWORK  [thread1] connection accepted from 127.0.0.1:63258 #1 (1 connection now open)
2017-10-22T11:31:09.566+0800 I NETWORK  [conn1] received client metadata from 127.0.0.1:63258 conn1: { application: { name: "MongoDB Shell" }, driver: { name: "MongoDB Internal Client", version: "3.4.9" }, os: { type: "Windows", name: "Microsoft Windows 8", architecture: "x86_64", version: "6.2 (build 9200)" } }
2017-10-22T11:32:04.403+0800 I -        [conn1] end connection 127.0.0.1:63258 (1 connection now open)
2017-10-22T11:32:07.932+0800 I NETWORK  [thread1] connection accepted from 127.0.0.1:63297 #2 (1 connection now open)
2017-10-22T11:32:07.932+0800 I NETWORK  [conn2] received client metadata from 127.0.0.1:63297 conn2: { application: { name: "MongoDB Shell" }, driver: { name: "MongoDB Internal Client", version: "3.4.9" }, os: { type: "Windows", name: "Microsoft Windows 8", architecture: "x86_64", version: "6.2 (build 9200)" } }
2017-10-22T11:49:26.329+0800 I ACCESS   [conn2] SCRAM-SHA-1 authentication failed for root on admin from client 127.0.0.1:63297 ; UserNotFound: Could not find user root@admin
2017-10-22T11:52:06.913+0800 I ACCESS   [conn2] Successfully authenticated as principal root on admin
2017-10-22T11:53:53.198+0800 I CONTROL  [thread2] CTRL_CLOSE_EVENT signal
2017-10-22T11:53:53.198+0800 I CONTROL  [consoleTerminate] got CTRL_CLOSE_EVENT, will terminate after current cmd ends
2017-10-22T11:53:53.198+0800 I NETWORK  [consoleTerminate] shutdown: going to close listening sockets...
2017-10-22T11:53:53.198+0800 I NETWORK  [consoleTerminate] closing listening socket: 524
2017-10-22T11:53:53.198+0800 I NETWORK  [consoleTerminate] shutdown: going to flush diaglog...
2017-10-22T11:53:53.198+0800 I FTDC     [consoleTerminate] Shutting down full-time diagnostic data capture
2017-10-22T11:53:53.201+0800 I STORAGE  [consoleTerminate] WiredTigerKVEngine shutting down
2017-10-22T11:53:53.605+0800 I STORAGE  [consoleTerminate] shutdown: removing fs lock...
2017-10-22T11:53:53.605+0800 I CONTROL  [consoleTerminate] now exiting
2017-10-22T11:53:53.605+0800 I CONTROL  [consoleTerminate] shutting down with code:12
2017-10-22T11:53:53.605+0800